# JRE version: OpenJDK Runtime Environment Temurin-21.0.2+13 (21.0.2+13) (build 21.0.2+13-LTS)
# Java VM: OpenJDK 64-Bit Server VM Temurin-21.0.2+13 (21.0.2+13-LTS, mixed mode, emulated-client, sharing, tiered, compressed oops, compressed class ptrs, g1 gc, windows-amd64)
GC Precious Log:
 CardTable entry size: 512
 Card Set container configuration: InlinePtr #cards 5 size 8 Array Of Cards #cards 12 size 40 Howl #buckets 4 coarsen threshold 1843 Howl Bitmap #cards 512 size 80 coarsen threshold 460 Card regions per heap region 1 cards per card region 2048
 CPUs: 4 total, 4 available
 Memory: 3491M
 Large Page Support: Disabled
 NUMA Support: Disabled
 Compressed Oops: Enabled (32-bit)
 Heap Region Size: 1M
 Heap Min Capacity: 8M
 Heap Initial Capacity: 56M
 Heap Max Capacity: 874M
 Pre-touch: Disabled
 Parallel Workers: 4
 Concurrent Workers: 1
 Concurrent Refinement Workers: 4
 Periodic GC: Disabled
Heap:
 garbage-first heap   total 66560K, used 28175K [0x00000000c9600000, 0x0000000100000000)
  region size 1024K, 12 young (12288K), 3 survivors (3072K)
 Metaspace       used 37371K, committed 37888K, reserved 1114112K
  class space    used 5192K, committed 5440K, reserved 1048576K
GC Heap History (16 events):
Event: 1.051 GC heap before
{Heap before GC invocations=0 (full 0):
 garbage-first heap   total 57344K, used 13312K [0x00000000c9600000, 0x0000000100000000)
  region size 1024K, 13 young (13312K), 0 survivors (0K)
 Metaspace       used 3224K, committed 3328K, reserved 1114112K
  class space    used 405K, committed 448K, reserved 1048576K
}
Event: 1.060 GC heap after
{Heap after GC invocations=1 (full 0):
 garbage-first heap   total 57344K, used 5694K [0x00000000c9600000, 0x0000000100000000)
  region size 1024K, 2 young (2048K), 2 survivors (2048K)
 Metaspace       used 3224K, committed 3328K, reserved 1114112K
  class space    used 405K, committed 448K, reserved 1048576K
}
Event: 1.610 GC heap before
{Heap before GC invocations=1 (full 0):
 garbage-first heap   total 57344K, used 19006K [0x00000000c9600000, 0x0000000100000000)
  region size 1024K, 15 young (15360K), 2 survivors (2048K)
 Metaspace       used 6468K, committed 6720K, reserved 1114112K
  class space    used 881K, committed 1024K, reserved 1048576K
}
Event: 1.619 GC heap after
{Heap after GC invocations=2 (full 0):
 garbage-first heap   total 57344K, used 7195K [0x00000000c9600000, 0x0000000100000000)
  region size 1024K, 2 young (2048K), 2 survivors (2048K)
 Metaspace       used 6468K, committed 6720K, reserved 1114112K
  class space    used 881K, committed 1024K, reserved 1048576K
}
Event: 2.280 GC heap before
{Heap before GC invocations=2 (full 0):
 garbage-first heap   total 57344K, used 30747K [0x00000000c9600000, 0x0000000100000000)
  region size 1024K, 26 young (26624K), 2 survivors (2048K)
 Metaspace       used 12857K, committed 13120K, reserved 1114112K
  class space    used 1678K, committed 1792K, reserved 1048576K
}
Event: 2.288 GC heap after
{Heap after GC invocations=3 (full 0):
 garbage-first heap   total 57344K, used 9136K [0x00000000c9600000, 0x0000000100000000)
  region size 1024K, 4 young (4096K), 4 survivors (4096K)
 Metaspace       used 12857K, committed 13120K, reserved 1114112K
  class space    used 1678K, committed 1792K, reserved 1048576K
}
Event: 3.573 GC heap before
{Heap before GC invocations=3 (full 0):
 garbage-first heap   total 57344K, used 38832K [0x00000000c9600000, 0x0000000100000000)
  region size 1024K, 33 young (33792K), 4 survivors (4096K)
 Metaspace       used 17029K, committed 17344K, reserved 1114112K
  class space    used 2270K, committed 2432K, reserved 1048576K
}
Event: 3.589 GC heap after
{Heap after GC invocations=4 (full 0):
 garbage-first heap   total 57344K, used 12105K [0x00000000c9600000, 0x0000000100000000)
  region size 1024K, 5 young (5120K), 5 survivors (5120K)
 Metaspace       used 17029K, committed 17344K, reserved 1114112K
  class space    used 2270K, committed 2432K, reserved 1048576K
}
Event: 5.518 GC heap before
{Heap before GC invocations=4 (full 0):
 garbage-first heap   total 57344K, used 37705K [0x00000000c9600000, 0x0000000100000000)
  region size 1024K, 31 young (31744K), 5 survivors (5120K)
 Metaspace       used 21156K, committed 21504K, reserved 1114112K
  class space    used 2893K, committed 3072K, reserved 1048576K
}
Event: 5.544 GC heap after
{Heap after GC invocations=5 (full 0):
 garbage-first heap   total 57344K, used 15167K [0x00000000c9600000, 0x0000000100000000)
  region size 1024K, 3 young (3072K), 3 survivors (3072K)
 Metaspace       used 21156K, committed 21504K, reserved 1114112K
  class space    used 2893K, committed 3072K, reserved 1048576K
}
Event: 7.009 GC heap before
{Heap before GC invocations=6 (full 0):
 garbage-first heap   total 55296K, used 44863K [0x00000000c9600000, 0x0000000100000000)
  region size 1024K, 32 young (32768K), 3 survivors (3072K)
 Metaspace       used 26447K, committed 26944K, reserved 1114112K
  class space    used 3671K, committed 3904K, reserved 1048576K
}
Event: 7.021 GC heap after
{Heap after GC invocations=7 (full 0):
 garbage-first heap   total 55296K, used 17652K [0x00000000c9600000, 0x0000000100000000)
  region size 1024K, 3 young (3072K), 3 survivors (3072K)
 Metaspace       used 26447K, committed 26944K, reserved 1114112K
  class space    used 3671K, committed 3904K, reserved 1048576K
}
Event: 8.071 GC heap before
{Heap before GC invocations=7 (full 0):
 garbage-first heap   total 55296K, used 44276K [0x00000000c9600000, 0x0000000100000000)
  region size 1024K, 29 young (29696K), 3 survivors (3072K)
 Metaspace       used 33082K, committed 33664K, reserved 1114112K
  class space    used 4619K, committed 4864K, reserved 1048576K
}
Event: 8.083 GC heap after
{Heap after GC invocations=8 (full 0):
 garbage-first heap   total 55296K, used 19055K [0x00000000c9600000, 0x0000000100000000)
  region size 1024K, 2 young (2048K), 2 survivors (2048K)
 Metaspace       used 33082K, committed 33664K, reserved 1114112K
  class space    used 4619K, committed 4864K, reserved 1048576K
}
Event: 8.624 GC heap before
{Heap before GC invocations=8 (full 0):
 garbage-first heap   total 55296K, used 26223K [0x00000000c9600000, 0x0000000100000000)
  region size 1024K, 10 young (10240K), 2 survivors (2048K)
 Metaspace       used 35514K, committed 36096K, reserved 1114112K
  class space    used 4903K, committed 5184K, reserved 1048576K
}
Event: 8.630 GC heap after
{Heap after GC invocations=9 (full 0):
 garbage-first heap   total 66560K, used 19983K [0x00000000c9600000, 0x0000000100000000)
  region size 1024K, 3 young (3072K), 3 survivors (3072K)
 Metaspace       used 35514K, committed 36096K, reserved 1114112K
  class space    used 4903K, committed 5184K, reserved 1048576K
}

