# JRE version: OpenJDK Runtime Environment Temurin-21.0.2+13 (21.0.2+13) (build 21.0.2+13-LTS)
# Java VM: OpenJDK 64-Bit Server VM Temurin-21.0.2+13 (21.0.2+13-LTS, mixed mode, sharing, tiered, compressed oops, compressed class ptrs, g1 gc, windows-amd64)
GC Precious Log:
 CardTable entry size: 512
 Card Set container configuration: InlinePtr #cards 5 size 8 Array Of Cards #cards 12 size 40 Howl #buckets 4 coarsen threshold 1843 Howl Bitmap #cards 512 size 80 coarsen threshold 460 Card regions per heap region 1 cards per card region 2048
 CPUs: 4 total, 4 available
 Memory: 3491M
 Large Page Support: Disabled
 NUMA Support: Disabled
 Compressed Oops: Enabled (32-bit)
 Heap Region Size: 1M
 Heap Min Capacity: 8M
 Heap Initial Capacity: 56M
 Heap Max Capacity: 874M
 Pre-touch: Disabled
 Parallel Workers: 4
 Concurrent Workers: 1
 Concurrent Refinement Workers: 4
 Periodic GC: Disabled
Heap:
 garbage-first heap   total 83968K, used 53044K [0x00000000c9600000, 0x0000000100000000)
  region size 1024K, 8 young (8192K), 2 survivors (2048K)
 Metaspace       used 17571K, committed 17856K, reserved 1114112K
  class space    used 2018K, committed 2176K, reserved 1048576K
GC Heap History (16 events):
Event: 1.980 GC heap before
{Heap before GC invocations=0 (full 0):
 garbage-first heap   total 57344K, used 13312K [0x00000000c9600000, 0x0000000100000000)
  region size 1024K, 13 young (13312K), 0 survivors (0K)
 Metaspace       used 3791K, committed 4032K, reserved 1114112K
  class space    used 396K, committed 512K, reserved 1048576K
}
Event: 1.990 GC heap after
{Heap after GC invocations=1 (full 0):
 garbage-first heap   total 57344K, used 3232K [0x00000000c9600000, 0x0000000100000000)
  region size 1024K, 2 young (2048K), 2 survivors (2048K)
 Metaspace       used 3791K, committed 4032K, reserved 1114112K
  class space    used 396K, committed 512K, reserved 1048576K
}
Event: 2.743 GC heap before
{Heap before GC invocations=1 (full 0):
 garbage-first heap   total 57344K, used 16544K [0x00000000c9600000, 0x0000000100000000)
  region size 1024K, 16 young (16384K), 2 survivors (2048K)
 Metaspace       used 6044K, committed 6272K, reserved 1114112K
  class space    used 705K, committed 832K, reserved 1048576K
}
Event: 2.750 GC heap after
{Heap after GC invocations=2 (full 0):
 garbage-first heap   total 57344K, used 4396K [0x00000000c9600000, 0x0000000100000000)
  region size 1024K, 1 young (1024K), 1 survivors (1024K)
 Metaspace       used 6044K, committed 6272K, reserved 1114112K
  class space    used 705K, committed 832K, reserved 1048576K
}
Event: 4.745 GC heap before
{Heap before GC invocations=2 (full 0):
 garbage-first heap   total 57344K, used 36140K [0x00000000c9600000, 0x0000000100000000)
  region size 1024K, 33 young (33792K), 1 survivors (1024K)
 Metaspace       used 11465K, committed 11712K, reserved 1114112K
  class space    used 1370K, committed 1472K, reserved 1048576K
}
Event: 4.753 GC heap after
{Heap after GC invocations=3 (full 0):
 garbage-first heap   total 57344K, used 6471K [0x00000000c9600000, 0x0000000100000000)
  region size 1024K, 3 young (3072K), 3 survivors (3072K)
 Metaspace       used 11465K, committed 11712K, reserved 1114112K
  class space    used 1370K, committed 1472K, reserved 1048576K
}
Event: 6.849 GC heap before
{Heap before GC invocations=3 (full 0):
 garbage-first heap   total 57344K, used 37191K [0x00000000c9600000, 0x0000000100000000)
  region size 1024K, 33 young (33792K), 3 survivors (3072K)
 Metaspace       used 15323K, committed 15552K, reserved 1114112K
  class space    used 1811K, committed 1920K, reserved 1048576K
}
Event: 6.868 GC heap after
{Heap after GC invocations=4 (full 0):
 garbage-first heap   total 57344K, used 9888K [0x00000000c9600000, 0x0000000100000000)
  region size 1024K, 5 young (5120K), 5 survivors (5120K)
 Metaspace       used 15323K, committed 15552K, reserved 1114112K
  class space    used 1811K, committed 1920K, reserved 1048576K
}
Event: 8.629 GC heap before
{Heap before GC invocations=4 (full 0):
 garbage-first heap   total 57344K, used 38560K [0x00000000c9600000, 0x0000000100000000)
  region size 1024K, 33 young (33792K), 5 survivors (5120K)
 Metaspace       used 16053K, committed 16384K, reserved 1114112K
  class space    used 1878K, committed 1984K, reserved 1048576K
}
Event: 8.653 GC heap after
{Heap after GC invocations=5 (full 0):
 garbage-first heap   total 57344K, used 13401K [0x00000000c9600000, 0x0000000100000000)
  region size 1024K, 4 young (4096K), 4 survivors (4096K)
 Metaspace       used 16053K, committed 16384K, reserved 1114112K
  class space    used 1878K, committed 1984K, reserved 1048576K
}
Event: 9.870 GC heap before
{Heap before GC invocations=5 (full 0):
 garbage-first heap   total 57344K, used 43097K [0x00000000c9600000, 0x0000000100000000)
  region size 1024K, 33 young (33792K), 4 survivors (4096K)
 Metaspace       used 16557K, committed 16768K, reserved 1114112K
  class space    used 1897K, committed 1984K, reserved 1048576K
}
Event: 9.879 GC heap after
{Heap after GC invocations=6 (full 0):
 garbage-first heap   total 57344K, used 14381K [0x00000000c9600000, 0x0000000100000000)
  region size 1024K, 2 young (2048K), 2 survivors (2048K)
 Metaspace       used 16557K, committed 16768K, reserved 1114112K
  class space    used 1897K, committed 1984K, reserved 1048576K
}
Event: 10.254 GC heap before
{Heap before GC invocations=6 (full 0):
 garbage-first heap   total 57344K, used 30765K [0x00000000c9600000, 0x0000000100000000)
  region size 1024K, 11 young (11264K), 2 survivors (2048K)
 Metaspace       used 17512K, committed 17856K, reserved 1114112K
  class space    used 2012K, committed 2176K, reserved 1048576K
}
Event: 10.260 GC heap after
{Heap after GC invocations=7 (full 0):
 garbage-first heap   total 57344K, used 23097K [0x00000000c9600000, 0x0000000100000000)
  region size 1024K, 3 young (3072K), 3 survivors (3072K)
 Metaspace       used 17512K, committed 17856K, reserved 1114112K
  class space    used 2012K, committed 2176K, reserved 1048576K
}
Event: 10.269 GC heap before
{Heap before GC invocations=7 (full 0):
 garbage-first heap   total 57344K, used 35385K [0x00000000c9600000, 0x0000000100000000)
  region size 1024K, 4 young (4096K), 3 survivors (3072K)
 Metaspace       used 17514K, committed 17856K, reserved 1114112K
  class space    used 2012K, committed 2176K, reserved 1048576K
}
Event: 10.274 GC heap after
{Heap after GC invocations=8 (full 0):
 garbage-first heap   total 57344K, used 35636K [0x00000000c9600000, 0x0000000100000000)
  region size 1024K, 2 young (2048K), 2 survivors (2048K)
 Metaspace       used 17514K, committed 17856K, reserved 1114112K
  class space    used 2012K, committed 2176K, reserved 1048576K
}

